#
# There is insufficient memory for the Java Runtime Environment to continue.
# Native memory allocation (mmap) failed to map 120061952 bytes for committing reserved memory.
# Possible reasons:
#   The system is out of physical RAM or swap space
#   In 32 bit mode, the process size limit was hit
# Possible solutions:
#   Reduce memory load on the system
#   Increase physical memory or swap space
#   Check if swap backing store is full
#   Use 64 bit Java on a 64 bit OS
#   Decrease Java heap size (-Xmx/-Xms)
#   Decrease number of Java threads
#   Decrease Java thread stack sizes (-Xss)
#   Set larger code cache with -XX:ReservedCodeCacheSize=
# This output file may be truncated or incomplete.
#
#  Out of Memory Error (os_linux.cpp:2640), pid=12148, tid=0x00007fdb25aed700
#
# JRE version: Java(TM) SE Runtime Environment (8.0_181-b13) (build 1.8.0_181-b13)
# Java VM: Java HotSpot(TM) 64-Bit Server VM (25.181-b13 mixed mode linux-amd64 compressed oops)
# Failed to write core dump. Core dumps have been disabled. To enable core dumping, try "ulimit -c unlimited" before starting Java again
#

---------------  T H R E A D  ---------------

Current thread (0x00007fdb380fb800):  VMThread [stack: 0x00007fdb259ed000,0x00007fdb25aee000] [id=12154]

Stack: [0x00007fdb259ed000,0x00007fdb25aee000],  sp=0x00007fdb25aebfc0,  free space=1019k
Native frames: (J=compiled Java code, j=interpreted, Vv=VM code, C=native code)
V  [libjvm.so+0xad21aa]  VMError::report_and_die()+0x2ba
V  [libjvm.so+0x5022db]  report_vm_out_of_memory(char const*, int, unsigned long, VMErrorType, char const*)+0x8b
V  [libjvm.so+0x92fe33]  os::Linux::commit_memory_impl(char*, unsigned long, bool)+0x123
V  [libjvm.so+0x930059]  os::pd_commit_memory(char*, unsigned long, unsigned long, bool)+0x29
V  [libjvm.so+0x9272ba]  os::commit_memory(char*, unsigned long, unsigned long, bool)+0x2a
V  [libjvm.so+0x99d2e3]  PSVirtualSpace::expand_by(unsigned long)+0x53
V  [libjvm.so+0x99e6e8]  PSYoungGen::resize_generation(unsigned long, unsigned long)+0xf8
V  [libjvm.so+0x99d842]  PSYoungGen::resize(unsigned long, unsigned long)+0x22
V  [libjvm.so+0x99ab1b]  PSScavenge::invoke_no_policy()+0xf3b
V  [libjvm.so+0x995dc5]  PSParallelCompact::invoke(bool)+0x85
V  [libjvm.so+0x488e34]  CollectedHeap::collect_as_vm_thread(GCCause::Cause)+0x114
V  [libjvm.so+0xad3631]  VM_CollectForMetadataAllocation::doit()+0x161
V  [libjvm.so+0xadb745]  VM_Operation::evaluate()+0x55
V  [libjvm.so+0xad9b0a]  VMThread::evaluate_operation(VM_Operation*)+0xba
V  [libjvm.so+0xad9e8e]  VMThread::loop()+0x1ce
V  [libjvm.so+0xada300]  VMThread::run()+0x70
V  [libjvm.so+0x930198]  java_start(Thread*)+0x108

VM_Operation (0x00007fdb24f4bf80): CollectForMetadataAllocation, mode: safepoint, requested by thread 0x00007fdb381b4800


---------------  P R O C E S S  ---------------

Java Threads: ( => current thread )
  0x00007fdb3800a800 JavaThread "DestroyJavaVM" [_thread_blocked, id=12149, stack(0x00007fdb3f6df000,0x00007fdb3f7e0000)]
  0x00007fdb381b4800 JavaThread "main" [_thread_blocked, id=12162, stack(0x00007fdb24e53000,0x00007fdb24f54000)]
  0x00007fdb38142000 JavaThread "Service Thread" daemon [_thread_blocked, id=12160, stack(0x00007fdb2525e000,0x00007fdb2535f000)]
  0x00007fdb3813f800 JavaThread "C1 CompilerThread1" daemon [_thread_blocked, id=12159, stack(0x00007fdb2535f000,0x00007fdb25460000)]
  0x00007fdb3813c800 JavaThread "C2 CompilerThread0" daemon [_thread_in_native, id=12158, stack(0x00007fdb25460000,0x00007fdb25561000)]
  0x00007fdb3813b000 JavaThread "Signal Dispatcher" daemon [_thread_blocked, id=12157, stack(0x00007fdb25561000,0x00007fdb25662000)]
  0x00007fdb38107800 JavaThread "Finalizer" daemon [_thread_blocked, id=12156, stack(0x00007fdb257eb000,0x00007fdb258ec000)]
  0x00007fdb38105000 JavaThread "Reference Handler" daemon [_thread_blocked, id=12155, stack(0x00007fdb258ec000,0x00007fdb259ed000)]

Other Threads:
=>0x00007fdb380fb800 VMThread [stack: 0x00007fdb259ed000,0x00007fdb25aee000] [id=12154]
  0x00007fdb38147000 WatcherThread [stack: 0x00007fdb2515d000,0x00007fdb2525e000] [id=12161]

VM state:at safepoint (normal execution)

VM Mutex/Monitor currently owned by a thread:  ([mutex/lock_event])
[0x00007fdb38006a00] Threads_lock - owner thread: 0x00007fdb380fb800
[0x00007fdb38006f00] Heap_lock - owner thread: 0x00007fdb381b4800

Heap:
 PSYoungGen      total 211968K, used 1430K [0x00000000eb600000, 0x00000000f8d80000, 0x0000000100000000)
  eden space 203264K, 0% used [0x00000000eb600000,0x00000000eb600000,0x00000000f7c80000)
  from space 8704K, 16% used [0x00000000f7c80000,0x00000000f7de5888,0x00000000f8500000)
  to   space 8704K, 0% used [0x00000000f8500000,0x00000000f8500000,0x00000000f8d80000)
 ParOldGen       total 42496K, used 23418K [0x00000000c2200000, 0x00000000c4b80000, 0x00000000eb600000)
  object space 42496K, 55% used [0x00000000c2200000,0x00000000c38de9e0,0x00000000c4b80000)
 Metaspace       used 21039K, capacity 21250K, committed 21296K, reserved 1069056K
  class space    used 2540K, capacity 2590K, committed 2608K, reserved 1048576K

Card table byte_map: [0x00007fdb3c27d000,0x00007fdb3c46d000] byte_map_base: 0x00007fdb3bc6c000

Marking Bits: (ParMarkBitMap*) 0x00007fdb3eba10a0
 Begin Bits: [0x00007fdb2700f000, 0x00007fdb27f87000)
 End Bits:   [0x00007fdb27f87000, 0x00007fdb28eff000)

Polling page: 0x00007fdb3f7f0000

CodeCache: size=245760Kb used=6911Kb max_used=6911Kb free=238848Kb
 bounds [0x00007fdb29000000, 0x00007fdb296d0000, 0x00007fdb38000000]
 total_blobs=2435 nmethods=2073 adapters=275
 compilation: enabled

Compilation events (10 events):
Event: 8.000 Thread 0x00007fdb3813f800 2115       2       org.springframework.core.annotation.AnnotatedElementUtils::searchWithGetSemanticsInAnnotations (188 bytes)
Event: 8.001 Thread 0x00007fdb3813f800 nmethod 2115 0x00007fdb296c1850 code [0x00007fdb296c1b60, 0x00007fdb296c2658]
Event: 8.001 Thread 0x00007fdb3813f800 2116       1       org.springframework.context.annotation.ConfigurationMethod::getMetadata (5 bytes)
Event: 8.001 Thread 0x00007fdb3813f800 nmethod 2116 0x00007fdb296c3350 code [0x00007fdb296c34a0, 0x00007fdb296c35b0]
Event: 8.001 Thread 0x00007fdb3813f800 2117       2       org.springframework.core.type.classreading.MethodMetadataReadingVisitor::isStatic (16 bytes)
Event: 8.001 Thread 0x00007fdb3813f800 nmethod 2117 0x00007fdb296c3610 code [0x00007fdb296c3760, 0x00007fdb296c38d0]
Event: 8.075 Thread 0x00007fdb3813f800 2118       2       java.lang.reflect.Constructor::acquireConstructorAccessor (44 bytes)
Event: 8.076 Thread 0x00007fdb3813f800 nmethod 2118 0x00007fdb296c3b90 code [0x00007fdb296c3d20, 0x00007fdb296c3f98]
Event: 8.094 Thread 0x00007fdb3813f800 2119       2       org.springframework.beans.factory.support.DefaultSingletonBeanRegistry::containsSingleton (11 bytes)
Event: 8.095 Thread 0x00007fdb3813f800 nmethod 2119 0x00007fdb296c4110 code [0x00007fdb296c4280, 0x00007fdb296c4408]

GC Heap History (10 events):
Event: 3.361 GC heap after
Heap after GC invocations=6 (full 0):
 PSYoungGen      total 70656K, used 3829K [0x00000000eb600000, 0x00000000f0300000, 0x0000000100000000)
  eden space 63488K, 0% used [0x00000000eb600000,0x00000000eb600000,0x00000000ef400000)
  from space 7168K, 53% used [0x00000000efc00000,0x00000000effbd460,0x00000000f0300000)
  to   space 7680K, 0% used [0x00000000ef400000,0x00000000ef400000,0x00000000efb80000)
 ParOldGen       total 42496K, used 11545K [0x00000000c2200000, 0x00000000c4b80000, 0x00000000eb600000)
  object space 42496K, 27% used [0x00000000c2200000,0x00000000c2d464f0,0x00000000c4b80000)
 Metaspace       used 11386K, capacity 11538K, committed 11776K, reserved 1058816K
  class space    used 1391K, capacity 1435K, committed 1536K, reserved 1048576K
}
Event: 4.163 GC heap before
{Heap before GC invocations=7 (full 0):
 PSYoungGen      total 70656K, used 67317K [0x00000000eb600000, 0x00000000f0300000, 0x0000000100000000)
  eden space 63488K, 100% used [0x00000000eb600000,0x00000000ef400000,0x00000000ef400000)
  from space 7168K, 53% used [0x00000000efc00000,0x00000000effbd460,0x00000000f0300000)
  to   space 7680K, 0% used [0x00000000ef400000,0x00000000ef400000,0x00000000efb80000)
 ParOldGen       total 42496K, used 11545K [0x00000000c2200000, 0x00000000c4b80000, 0x00000000eb600000)
  object space 42496K, 27% used [0x00000000c2200000,0x00000000c2d464f0,0x00000000c4b80000)
 Metaspace       used 15775K, capacity 15914K, committed 16128K, reserved 1062912K
  class space    used 1947K, capacity 1999K, committed 2048K, reserved 1048576K
Event: 4.173 GC heap after
Heap after GC invocations=7 (full 0):
 PSYoungGen      total 71168K, used 4005K [0x00000000eb600000, 0x00000000f4100000, 0x0000000100000000)
  eden space 63488K, 0% used [0x00000000eb600000,0x00000000eb600000,0x00000000ef400000)
  from space 7680K, 52% used [0x00000000ef400000,0x00000000ef7e9620,0x00000000efb80000)
  to   space 7680K, 0% used [0x00000000f3980000,0x00000000f3980000,0x00000000f4100000)
 ParOldGen       total 42496K, used 13826K [0x00000000c2200000, 0x00000000c4b80000, 0x00000000eb600000)
  object space 42496K, 32% used [0x00000000c2200000,0x00000000c2f80aa8,0x00000000c4b80000)
 Metaspace       used 15775K, capacity 15914K, committed 16128K, reserved 1062912K
  class space    used 1947K, capacity 1999K, committed 2048K, reserved 1048576K
}
Event: 4.661 GC heap before
{Heap before GC invocations=8 (full 0):
 PSYoungGen      total 71168K, used 67493K [0x00000000eb600000, 0x00000000f4100000, 0x0000000100000000)
  eden space 63488K, 100% used [0x00000000eb600000,0x00000000ef400000,0x00000000ef400000)
  from space 7680K, 52% used [0x00000000ef400000,0x00000000ef7e9620,0x00000000efb80000)
  to   space 7680K, 0% used [0x00000000f3980000,0x00000000f3980000,0x00000000f4100000)
 ParOldGen       total 42496K, used 13826K [0x00000000c2200000, 0x00000000c4b80000, 0x00000000eb600000)
  object space 42496K, 32% used [0x00000000c2200000,0x00000000c2f80aa8,0x00000000c4b80000)
 Metaspace       used 18212K, capacity 18452K, committed 18688K, reserved 1064960K
  class space    used 2206K, capacity 2289K, committed 2304K, reserved 1048576K
Event: 4.669 GC heap after
Heap after GC invocations=8 (full 0):
 PSYoungGen      total 133632K, used 3968K [0x00000000eb600000, 0x00000000f4000000, 0x0000000100000000)
  eden space 126976K, 0% used [0x00000000eb600000,0x00000000eb600000,0x00000000f3200000)
  from space 6656K, 59% used [0x00000000f3980000,0x00000000f3d601b0,0x00000000f4000000)
  to   space 7168K, 0% used [0x00000000f3200000,0x00000000f3200000,0x00000000f3900000)
 ParOldGen       total 42496K, used 13962K [0x00000000c2200000, 0x00000000c4b80000, 0x00000000eb600000)
  object space 42496K, 32% used [0x00000000c2200000,0x00000000c2fa2aa8,0x00000000c4b80000)
 Metaspace       used 18212K, capacity 18452K, committed 18688K, reserved 1064960K
  class space    used 2206K, capacity 2289K, committed 2304K, reserved 1048576K
}
Event: 6.064 GC heap before
{Heap before GC invocations=9 (full 0):
 PSYoungGen      total 133632K, used 130944K [0x00000000eb600000, 0x00000000f4000000, 0x0000000100000000)
  eden space 126976K, 100% used [0x00000000eb600000,0x00000000f3200000,0x00000000f3200000)
  from space 6656K, 59% used [0x00000000f3980000,0x00000000f3d601b0,0x00000000f4000000)
  to   space 7168K, 0% used [0x00000000f3200000,0x00000000f3200000,0x00000000f3900000)
 ParOldGen       total 42496K, used 13962K [0x00000000c2200000, 0x00000000c4b80000, 0x00000000eb600000)
  object space 42496K, 32% used [0x00000000c2200000,0x00000000c2fa2aa8,0x00000000c4b80000)
 Metaspace       used 19983K, capacity 20248K, committed 20480K, reserved 1067008K
  class space    used 2401K, capacity 2455K, committed 2560K, reserved 1048576K
Event: 6.099 GC heap after
Heap after GC invocations=9 (full 0):
 PSYoungGen      total 134144K, used 7152K [0x00000000eb600000, 0x00000000f8d80000, 0x0000000100000000)
  eden space 126976K, 0% used [0x00000000eb600000,0x00000000eb600000,0x00000000f3200000)
  from space 7168K, 99% used [0x00000000f3200000,0x00000000f38fc020,0x00000000f3900000)
  to   space 8704K, 0% used [0x00000000f8500000,0x00000000f8500000,0x00000000f8d80000)
 ParOldGen       total 42496K, used 15456K [0x00000000c2200000, 0x00000000c4b80000, 0x00000000eb600000)
  object space 42496K, 36% used [0x00000000c2200000,0x00000000c31182e0,0x00000000c4b80000)
 Metaspace       used 19983K, capacity 20248K, committed 20480K, reserved 1067008K
  class space    used 2401K, capacity 2455K, committed 2560K, reserved 1048576K
}
Event: 6.643 GC heap before
{Heap before GC invocations=10 (full 0):
 PSYoungGen      total 134144K, used 134128K [0x00000000eb600000, 0x00000000f8d80000, 0x0000000100000000)
  eden space 126976K, 100% used [0x00000000eb600000,0x00000000f3200000,0x00000000f3200000)
  from space 7168K, 99% used [0x00000000f3200000,0x00000000f38fc020,0x00000000f3900000)
  to   space 8704K, 0% used [0x00000000f8500000,0x00000000f8500000,0x00000000f8d80000)
 ParOldGen       total 42496K, used 15456K [0x00000000c2200000, 0x00000000c4b80000, 0x00000000eb600000)
  object space 42496K, 36% used [0x00000000c2200000,0x00000000c31182e0,0x00000000c4b80000)
 Metaspace       used 20523K, capacity 20708K, committed 20992K, reserved 1067008K
  class space    used 2471K, capacity 2521K, committed 2560K, reserved 1048576K
Event: 6.664 GC heap after
Heap after GC invocations=10 (full 0):
 PSYoungGen      total 211968K, used 6246K [0x00000000eb600000, 0x00000000f8d80000, 0x0000000100000000)
  eden space 203264K, 0% used [0x00000000eb600000,0x00000000eb600000,0x00000000f7c80000)
  from space 8704K, 71% used [0x00000000f8500000,0x00000000f8b19990,0x00000000f8d80000)
  to   space 8704K, 0% used [0x00000000f7c80000,0x00000000f7c80000,0x00000000f8500000)
 ParOldGen       total 42496K, used 17970K [0x00000000c2200000, 0x00000000c4b80000, 0x00000000eb600000)
  object space 42496K, 42% used [0x00000000c2200000,0x00000000c338c9e0,0x00000000c4b80000)
 Metaspace       used 20523K, capacity 20708K, committed 20992K, reserved 1067008K
  class space    used 2471K, capacity 2521K, committed 2560K, reserved 1048576K
}
Event: 8.353 GC heap before
{Heap before GC invocations=11 (full 0):
 PSYoungGen      total 211968K, used 199449K [0x00000000eb600000, 0x00000000f8d80000, 0x0000000100000000)
  eden space 203264K, 95% used [0x00000000eb600000,0x00000000f72acb90,0x00000000f7c80000)
  from space 8704K, 71% used [0x00000000f8500000,0x00000000f8b19990,0x00000000f8d80000)
  to   space 8704K, 0% used [0x00000000f7c80000,0x00000000f7c80000,0x00000000f8500000)
 ParOldGen       total 42496K, used 17970K [0x00000000c2200000, 0x00000000c4b80000, 0x00000000eb600000)
  object space 42496K, 42% used [0x00000000c2200000,0x00000000c338c9e0,0x00000000c4b80000)
 Metaspace       used 21039K, capacity 21250K, committed 21296K, reserved 1069056K
  class space    used 2540K, capacity 2590K, committed 2608K, reserved 1048576K

Deoptimization events (10 events):
Event: 5.081 Thread 0x00007fdb381b4800 Uncommon trap: reason=unstable_if action=reinterpret pc=0x00007fdb293f2928 method=org.springframework.boot.loader.jar.JarEntryData.getInputStream()Ljava/io/InputStream; @ 19
Event: 5.081 Thread 0x00007fdb381b4800 Uncommon trap: reason=unstable_if action=reinterpret pc=0x00007fdb2930d22c method=org.springframework.boot.loader.jar.JarFile.getJarEntryData(Lorg/springframework/boot/loader/util/AsciiBytes;)Lorg/springframework/boot/loader/jar/JarEntryData; @ 121
Event: 5.971 Thread 0x00007fdb381b4800 Uncommon trap: reason=unstable_if action=reinterpret pc=0x00007fdb2934431c method=org.springframework.boot.loader.jar.Handler.openConnection(Ljava/net/URL;)Ljava/net/URLConnection; @ 4
Event: 5.976 Thread 0x00007fdb381b4800 Uncommon trap: reason=unstable_if action=reinterpret pc=0x00007fdb2944bb54 method=java.lang.ref.SoftReference.get()Ljava/lang/Object; @ 6
Event: 5.977 Thread 0x00007fdb381b4800 Uncommon trap: reason=unstable_if action=reinterpret pc=0x00007fdb29378cdc method=org.springframework.boot.loader.jar.JarFile.getUrl()Ljava/net/URL; @ 4
Event: 5.977 Thread 0x00007fdb381b4800 Uncommon trap: reason=class_check action=maybe_recompile pc=0x00007fdb2952bd74 method=java.util.regex.Matcher.search(I)Z @ 86
Event: 6.124 Thread 0x00007fdb381b4800 Uncommon trap: reason=unstable_if action=reinterpret pc=0x00007fdb295f6234 method=java.util.LinkedHashMap.get(Ljava/lang/Object;)Ljava/lang/Object; @ 20
Event: 6.142 Thread 0x00007fdb381b4800 Uncommon trap: reason=unstable_if action=reinterpret pc=0x00007fdb295fbccc method=java.util.AbstractCollection.isEmpty()Z @ 4
Event: 6.613 Thread 0x00007fdb381b4800 Uncommon trap: reason=unstable_if action=reinterpret pc=0x00007fdb296855e8 method=org.springframework.core.type.classreading.AnnotationReadingVisitorUtils.getMergedAnnotationAttributes(Lorg/springframework/util/LinkedMultiValueMap;Ljava/util/Map;Ljava/lan
Event: 7.922 Thread 0x00007fdb381b4800 Uncommon trap: reason=unstable_if action=reinterpret pc=0x00007fdb29600b20 method=java.util.LinkedHashMap.afterNodeInsertion(Z)V @ 18

Classes redefined (0 events):
No events

Internal exceptions (10 events):
Event: 4.789 Thread 0x00007fdb381b4800 Exception <a 'java/lang/ArrayIndexOutOfBoundsException'> (0x00000000ec802528) thrown at [/HUDSON/workspace/8-2-build-linux-amd64/jdk8u181/11358/hotspot/src/share/vm/runtime/sharedRuntime.cpp, line 605]
Event: 4.820 Thread 0x00007fdb381b4800 Exception <a 'java/lang/ClassNotFoundException': org/springframework/beans/factory/groovy/GroovyBeanDefinitionReaderBeanInfo> (0x00000000ecb342f8) thrown at [/HUDSON/workspace/8-2-build-linux-amd64/jdk8u181/11358/hotspot/src/share/vm/classfile/systemDicti
Event: 4.821 Thread 0x00007fdb381b4800 Exception <a 'java/lang/ClassNotFoundException': org/springframework/beans/factory/support/AbstractBeanDefinitionReaderBeanInfo> (0x00000000ecc2b2b0) thrown at [/HUDSON/workspace/8-2-build-linux-amd64/jdk8u181/11358/hotspot/src/share/vm/classfile/systemDi
Event: 4.824 Thread 0x00007fdb381b4800 Exception <a 'java/lang/ClassNotFoundException': org/springframework/beans/factory/support/AbstractBeanDefinitionReaderCustomizer> (0x00000000ecd252a0) thrown at [/HUDSON/workspace/8-2-build-linux-amd64/jdk8u181/11358/hotspot/src/share/vm/classfile/system
Event: 4.825 Thread 0x00007fdb381b4800 Exception <a 'java/lang/ArrayIndexOutOfBoundsException'> (0x00000000ecd2d950) thrown at [/HUDSON/workspace/8-2-build-linux-amd64/jdk8u181/11358/hotspot/src/share/vm/runtime/sharedRuntime.cpp, line 605]
Event: 4.832 Thread 0x00007fdb381b4800 Exception <a 'java/lang/ClassNotFoundException': org/springframework/beans/factory/groovy/GroovyBeanDefinitionReaderCustomizer> (0x00000000ece30d90) thrown at [/HUDSON/workspace/8-2-build-linux-amd64/jdk8u181/11358/hotspot/src/share/vm/classfile/systemDic
Event: 4.834 Thread 0x00007fdb381b4800 Exception <a 'java/lang/ArrayIndexOutOfBoundsException'> (0x00000000ece35290) thrown at [/HUDSON/workspace/8-2-build-linux-amd64/jdk8u181/11358/hotspot/src/share/vm/runtime/sharedRuntime.cpp, line 605]
Event: 4.837 Thread 0x00007fdb381b4800 Exception <a 'java/lang/ArrayIndexOutOfBoundsException'> (0x00000000ece372b8) thrown at [/HUDSON/workspace/8-2-build-linux-amd64/jdk8u181/11358/hotspot/src/share/vm/runtime/sharedRuntime.cpp, line 605]
Event: 4.837 Thread 0x00007fdb381b4800 Exception <a 'java/lang/ArrayIndexOutOfBoundsException'> (0x00000000ece3da30) thrown at [/HUDSON/workspace/8-2-build-linux-amd64/jdk8u181/11358/hotspot/src/share/vm/runtime/sharedRuntime.cpp, line 605]
Event: 5.977 Thread 0x00007fdb381b4800 Implicit null exception at 0x00007fdb29377c75 to 0x00007fdb29378cc9

Events (10 events):
Event: 8.112 loading class org/springframework/util/ReflectionUtils$2 done
Event: 8.187 loading class org/springframework/messaging/core/DestinationResolver
Event: 8.261 loading class org/springframework/messaging/core/DestinationResolver done
Event: 8.337 loading class org/springframework/cloud/stream/binding/BinderAwareRouterBeanPostProcessor
Event: 8.337 loading class org/springframework/cloud/stream/binding/BinderAwareRouterBeanPostProcessor done
Event: 8.343 loading class org/springframework/cloud/stream/binding/BinderAwareChannelResolver
Event: 8.343 loading class org/springframework/cloud/stream/binding/BinderAwareChannelResolver done
Event: 8.345 loading class org/springframework/messaging/core/BeanFactoryMessageChannelDestinationResolver
Event: 8.345 loading class org/springframework/messaging/core/BeanFactoryMessageChannelDestinationResolver done
Event: 8.352 Executing VM operation: CollectForMetadataAllocation


Dynamic libraries:
00400000-00401000 r-xp 00000000 08:01 407907                             /usr/lib/jvm/java-8-oracle/jre/bin/java
00600000-00601000 rw-p 00000000 08:01 407907                             /usr/lib/jvm/java-8-oracle/jre/bin/java
00ce2000-00d03000 rw-p 00000000 00:00 0                                  [heap]
c2200000-c4b80000 rw-p 00000000 00:00 0 
c4b80000-eb600000 ---p 00000000 00:00 0 
eb600000-f8d80000 rw-p 00000000 00:00 0 
100000000-10028c000 rw-p 00000000 00:00 0 
10028c000-140000000 ---p 00000000 00:00 0 
7fdaf0000000-7fdaf0948000 rw-p 00000000 00:00 0 
7fdaf0948000-7fdaf4000000 ---p 00000000 00:00 0 
7fdaf7317000-7fdaf773f000 rw-p 00000000 00:00 0 
7fdaf773f000-7fdaf78ff000 ---p 00000000 00:00 0 
7fdaf7c00000-7fdaf7e00000 rw-p 00000000 00:00 0 
7fdaf7e00000-7fdaf8000000 rw-p 00000000 00:00 0 
7fdaf8000000-7fdaf8021000 rw-p 00000000 00:00 0 
7fdaf8021000-7fdafc000000 ---p 00000000 00:00 0 
7fdafc000000-7fdafe762000 rw-p 00000000 00:00 0 
7fdafe762000-7fdb00000000 ---p 00000000 00:00 0 
7fdb00000000-7fdb00d73000 rw-p 00000000 00:00 0 
7fdb00d73000-7fdb04000000 ---p 00000000 00:00 0 
7fdb04000000-7fdb04021000 rw-p 00000000 00:00 0 
7fdb04021000-7fdb08000000 ---p 00000000 00:00 0 
7fdb08000000-7fdb08021000 rw-p 00000000 00:00 0 
7fdb08021000-7fdb0c000000 ---p 00000000 00:00 0 
7fdb0c000000-7fdb0e999000 rw-p 00000000 00:00 0 
7fdb0e999000-7fdb10000000 ---p 00000000 00:00 0 
7fdb10000000-7fdb10021000 rw-p 00000000 00:00 0 
7fdb10021000-7fdb14000000 ---p 00000000 00:00 0 
7fdb14000000-7fdb14021000 rw-p 00000000 00:00 0 
7fdb14021000-7fdb18000000 ---p 00000000 00:00 0 
7fdb18000000-7fdb18024000 rw-p 00000000 00:00 0 
7fdb18024000-7fdb1c000000 ---p 00000000 00:00 0 
7fdb1c000000-7fdb1c298000 rw-p 00000000 00:00 0 
7fdb1c298000-7fdb20000000 ---p 00000000 00:00 0 
7fdb20000000-7fdb20021000 rw-p 00000000 00:00 0 
7fdb20021000-7fdb24000000 ---p 00000000 00:00 0 
7fdb24091000-7fdb24126000 r--s 0110e000 08:01 407900                     /usr/lib/jvm/java-8-oracle/jre/lib/ext/jfxrt.jar
7fdb24126000-7fdb24137000 r-xp 00000000 08:01 407791                     /usr/lib/jvm/java-8-oracle/jre/lib/amd64/libnio.so
7fdb24137000-7fdb24336000 ---p 00011000 08:01 407791                     /usr/lib/jvm/java-8-oracle/jre/lib/amd64/libnio.so
7fdb24336000-7fdb24337000 rw-p 00010000 08:01 407791                     /usr/lib/jvm/java-8-oracle/jre/lib/amd64/libnio.so
7fdb24337000-7fdb24537000 rw-p 00000000 00:00 0 
7fdb24537000-7fdb2453a000 r-xp 00000000 08:01 59209                      /lib/x86_64-linux-gnu/libnss_myhostname.so.2
7fdb2453a000-7fdb24739000 ---p 00003000 08:01 59209                      /lib/x86_64-linux-gnu/libnss_myhostname.so.2
7fdb24739000-7fdb2473a000 r--p 00002000 08:01 59209                      /lib/x86_64-linux-gnu/libnss_myhostname.so.2
7fdb2473a000-7fdb2473b000 rw-p 00003000 08:01 59209                      /lib/x86_64-linux-gnu/libnss_myhostname.so.2
7fdb2473b000-7fdb24751000 r-xp 00000000 08:01 407750                     /usr/lib/jvm/java-8-oracle/jre/lib/amd64/libnet.so
7fdb24751000-7fdb24951000 ---p 00016000 08:01 407750                     /usr/lib/jvm/java-8-oracle/jre/lib/amd64/libnet.so
7fdb24951000-7fdb24952000 rw-p 00016000 08:01 407750                     /usr/lib/jvm/java-8-oracle/jre/lib/amd64/libnet.so
7fdb24952000-7fdb24b52000 rw-p 00000000 00:00 0 
7fdb24b52000-7fdb24d52000 rw-p 00000000 00:00 0 
7fdb24d52000-7fdb24d55000 ---p 00000000 00:00 0 
7fdb24d55000-7fdb24e53000 rw-p 00000000 00:00 0 
7fdb24e53000-7fdb24e56000 ---p 00000000 00:00 0 
7fdb24e56000-7fdb24f54000 rw-p 00000000 00:00 0                          [stack:12162]
7fdb24f54000-7fdb24f5d000 r-xp 00000000 08:01 407794                     /usr/lib/jvm/java-8-oracle/jre/lib/amd64/libmanagement.so
7fdb24f5d000-7fdb2515c000 ---p 00009000 08:01 407794                     /usr/lib/jvm/java-8-oracle/jre/lib/amd64/libmanagement.so
7fdb2515c000-7fdb2515d000 rw-p 00008000 08:01 407794                     /usr/lib/jvm/java-8-oracle/jre/lib/amd64/libmanagement.so
7fdb2515d000-7fdb2515e000 ---p 00000000 00:00 0 
7fdb2515e000-7fdb2525e000 rw-p 00000000 00:00 0                          [stack:12161]
7fdb2525e000-7fdb25261000 ---p 00000000 00:00 0 
7fdb25261000-7fdb2535f000 rw-p 00000000 00:00 0                          [stack:12160]
7fdb2535f000-7fdb25362000 ---p 00000000 00:00 0 
7fdb25362000-7fdb25460000 rw-p 00000000 00:00 0                          [stack:12159]
7fdb25460000-7fdb25463000 ---p 00000000 00:00 0 
7fdb25463000-7fdb25561000 rw-p 00000000 00:00 0                          [stack:12158]
7fdb25561000-7fdb25564000 ---p 00000000 00:00 0 
7fdb25564000-7fdb25662000 rw-p 00000000 00:00 0                          [stack:12157]
7fdb25662000-7fdb257eb000 r--p 00000000 08:01 55529                      /usr/lib/locale/locale-archive
7fdb257eb000-7fdb257ee000 ---p 00000000 00:00 0 
7fdb257ee000-7fdb258ec000 rw-p 00000000 00:00 0                          [stack:12156]
7fdb258ec000-7fdb258ef000 ---p 00000000 00:00 0 
7fdb258ef000-7fdb259ed000 rw-p 00000000 00:00 0                          [stack:12155]
7fdb259ed000-7fdb259ee000 ---p 00000000 00:00 0 
7fdb259ee000-7fdb26446000 rw-p 00000000 00:00 0                          [stack:12154]
7fdb26446000-7fdb26620000 r--s 03d6b000 08:01 407745                     /usr/lib/jvm/java-8-oracle/jre/lib/rt.jar
7fdb26620000-7fdb28eff000 rw-p 00000000 00:00 0 
7fdb28eff000-7fdb28f00000 ---p 00000000 00:00 0 
7fdb28f00000-7fdb29000000 rw-p 00000000 00:00 0                          [stack:12151]
7fdb29000000-7fdb296d0000 rwxp 00000000 00:00 0 
7fdb296d0000-7fdb38000000 ---p 00000000 00:00 0 
7fdb38000000-7fdb38427000 rw-p 00000000 00:00 0 
7fdb38427000-7fdb3c000000 ---p 00000000 00:00 0 
7fdb3c02d000-7fdb3c032000 r--s 002f9000 08:01 407573                     /usr/lib/jvm/java-8-oracle/jre/lib/charsets.jar
7fdb3c032000-7fdb3c033000 ---p 00000000 00:00 0 
7fdb3c033000-7fdb3c148000 rw-p 00000000 00:00 0                          [stack:12150]
7fdb3c148000-7fdb3c27d000 ---p 00000000 00:00 0 
7fdb3c27d000-7fdb3c292000 rw-p 00000000 00:00 0 
7fdb3c292000-7fdb3c3c7000 ---p 00000000 00:00 0 
7fdb3c3c7000-7fdb3c433000 rw-p 00000000 00:00 0 
7fdb3c433000-7fdb3c46c000 ---p 00000000 00:00 0 
7fdb3c46c000-7fdb3c489000 rw-p 00000000 00:00 0 
7fdb3c489000-7fdb3c82d000 ---p 00000000 00:00 0 
7fdb3c82d000-7fdb3c848000 r-xp 00000000 08:01 407800                     /usr/lib/jvm/java-8-oracle/jre/lib/amd64/libzip.so
7fdb3c848000-7fdb3ca48000 ---p 0001b000 08:01 407800                     /usr/lib/jvm/java-8-oracle/jre/lib/amd64/libzip.so
7fdb3ca48000-7fdb3ca49000 rw-p 0001b000 08:01 407800                     /usr/lib/jvm/java-8-oracle/jre/lib/amd64/libzip.so
7fdb3ca49000-7fdb3ca53000 r-xp 00000000 08:01 3006                       /lib/x86_64-linux-gnu/libnss_files-2.19.so
7fdb3ca53000-7fdb3cc52000 ---p 0000a000 08:01 3006                       /lib/x86_64-linux-gnu/libnss_files-2.19.so
7fdb3cc52000-7fdb3cc53000 r--p 00009000 08:01 3006                       /lib/x86_64-linux-gnu/libnss_files-2.19.so
7fdb3cc53000-7fdb3cc54000 rw-p 0000a000 08:01 3006                       /lib/x86_64-linux-gnu/libnss_files-2.19.so
7fdb3cc54000-7fdb3cc5f000 r-xp 00000000 08:01 3161                       /lib/x86_64-linux-gnu/libnss_nis-2.19.so
7fdb3cc5f000-7fdb3ce5e000 ---p 0000b000 08:01 3161                       /lib/x86_64-linux-gnu/libnss_nis-2.19.so
7fdb3ce5e000-7fdb3ce5f000 r--p 0000a000 08:01 3161                       /lib/x86_64-linux-gnu/libnss_nis-2.19.so
7fdb3ce5f000-7fdb3ce60000 rw-p 0000b000 08:01 3161                       /lib/x86_64-linux-gnu/libnss_nis-2.19.so
7fdb3ce60000-7fdb3ce77000 r-xp 00000000 08:01 3159                       /lib/x86_64-linux-gnu/libnsl-2.19.so
7fdb3ce77000-7fdb3d076000 ---p 00017000 08:01 3159                       /lib/x86_64-linux-gnu/libnsl-2.19.so
7fdb3d076000-7fdb3d077000 r--p 00016000 08:01 3159                       /lib/x86_64-linux-gnu/libnsl-2.19.so
7fdb3d077000-7fdb3d078000 rw-p 00017000 08:01 3159                       /lib/x86_64-linux-gnu/libnsl-2.19.so
7fdb3d078000-7fdb3d07a000 rw-p 00000000 00:00 0 
7fdb3d07a000-7fdb3d083000 r-xp 00000000 08:01 3000                       /lib/x86_64-linux-gnu/libnss_compat-2.19.so
7fdb3d083000-7fdb3d282000 ---p 00009000 08:01 3000                       /lib/x86_64-linux-gnu/libnss_compat-2.19.so
7fdb3d282000-7fdb3d283000 r--p 00008000 08:01 3000                       /lib/x86_64-linux-gnu/libnss_compat-2.19.so
7fdb3d283000-7fdb3d284000 rw-p 00009000 08:01 3000                       /lib/x86_64-linux-gnu/libnss_compat-2.19.so
7fdb3d284000-7fdb3d2af000 r-xp 00000000 08:01 407763                     /usr/lib/jvm/java-8-oracle/jre/lib/amd64/libjava.so
7fdb3d2af000-7fdb3d4ae000 ---p 0002b000 08:01 407763                     /usr/lib/jvm/java-8-oracle/jre/lib/amd64/libjava.so
7fdb3d4ae000-7fdb3d4b0000 rw-p 0002a000 08:01 407763                     /usr/lib/jvm/java-8-oracle/jre/lib/amd64/libjava.so
7fdb3d4b0000-7fdb3d4bd000 r-xp 00000000 08:01 407782                     /usr/lib/jvm/java-8-oracle/jre/lib/amd64/libverify.so
7fdb3d4bd000-7fdb3d6bd000 ---p 0000d000 08:01 407782                     /usr/lib/jvm/java-8-oracle/jre/lib/amd64/libverify.so
7fdb3d6bd000-7fdb3d6bf000 rw-p 0000d000 08:01 407782                     /usr/lib/jvm/java-8-oracle/jre/lib/amd64/libverify.so
7fdb3d6bf000-7fdb3d6c6000 r-xp 00000000 08:01 3115                       /lib/x86_64-linux-gnu/librt-2.19.so
7fdb3d6c6000-7fdb3d8c5000 ---p 00007000 08:01 3115                       /lib/x86_64-linux-gnu/librt-2.19.so
7fdb3d8c5000-7fdb3d8c6000 r--p 00006000 08:01 3115                       /lib/x86_64-linux-gnu/librt-2.19.so
7fdb3d8c6000-7fdb3d8c7000 rw-p 00007000 08:01 3115                       /lib/x86_64-linux-gnu/librt-2.19.so
7fdb3d8c7000-7fdb3d9cc000 r-xp 00000000 08:01 3004                       /lib/x86_64-linux-gnu/libm-2.19.so
7fdb3d9cc000-7fdb3dbcb000 ---p 00105000 08:01 3004                       /lib/x86_64-linux-gnu/libm-2.19.so
7fdb3dbcb000-7fdb3dbcc000 r--p 00104000 08:01 3004                       /lib/x86_64-linux-gnu/libm-2.19.so
7fdb3dbcc000-7fdb3dbcd000 rw-p 00105000 08:01 3004                       /lib/x86_64-linux-gnu/libm-2.19.so
7fdb3dbcd000-7fdb3e8a9000 r-xp 00000000 08:01 407769                     /usr/lib/jvm/java-8-oracle/jre/lib/amd64/server/libjvm.so
7fdb3e8a9000-7fdb3eaa9000 ---p 00cdc000 08:01 407769                     /usr/lib/jvm/java-8-oracle/jre/lib/amd64/server/libjvm.so
7fdb3eaa9000-7fdb3eb83000 rw-p 00cdc000 08:01 407769                     /usr/lib/jvm/java-8-oracle/jre/lib/amd64/server/libjvm.so
7fdb3eb83000-7fdb3ebce000 rw-p 00000000 00:00 0 
7fdb3ebce000-7fdb3ed8c000 r-xp 00000000 08:01 3032                       /lib/x86_64-linux-gnu/libc-2.19.so
7fdb3ed8c000-7fdb3ef8c000 ---p 001be000 08:01 3032                       /lib/x86_64-linux-gnu/libc-2.19.so
7fdb3ef8c000-7fdb3ef90000 r--p 001be000 08:01 3032                       /lib/x86_64-linux-gnu/libc-2.19.so
7fdb3ef90000-7fdb3ef92000 rw-p 001c2000 08:01 3032                       /lib/x86_64-linux-gnu/libc-2.19.so
7fdb3ef92000-7fdb3ef97000 rw-p 00000000 00:00 0 
7fdb3ef97000-7fdb3ef9a000 r-xp 00000000 08:01 2998                       /lib/x86_64-linux-gnu/libdl-2.19.so
7fdb3ef9a000-7fdb3f199000 ---p 00003000 08:01 2998                       /lib/x86_64-linux-gnu/libdl-2.19.so
7fdb3f199000-7fdb3f19a000 r--p 00002000 08:01 2998                       /lib/x86_64-linux-gnu/libdl-2.19.so
7fdb3f19a000-7fdb3f19b000 rw-p 00003000 08:01 2998                       /lib/x86_64-linux-gnu/libdl-2.19.so
7fdb3f19b000-7fdb3f1b1000 r-xp 00000000 08:01 407776                     /usr/lib/jvm/java-8-oracle/jre/lib/amd64/jli/libjli.so
7fdb3f1b1000-7fdb3f3b0000 ---p 00016000 08:01 407776                     /usr/lib/jvm/java-8-oracle/jre/lib/amd64/jli/libjli.so
7fdb3f3b0000-7fdb3f3b1000 rw-p 00015000 08:01 407776                     /usr/lib/jvm/java-8-oracle/jre/lib/amd64/jli/libjli.so
7fdb3f3b1000-7fdb3f3ca000 r-xp 00000000 08:01 3109                       /lib/x86_64-linux-gnu/libpthread-2.19.so
7fdb3f3ca000-7fdb3f5c9000 ---p 00019000 08:01 3109                       /lib/x86_64-linux-gnu/libpthread-2.19.so
7fdb3f5c9000-7fdb3f5ca000 r--p 00018000 08:01 3109                       /lib/x86_64-linux-gnu/libpthread-2.19.so
7fdb3f5ca000-7fdb3f5cb000 rw-p 00019000 08:01 3109                       /lib/x86_64-linux-gnu/libpthread-2.19.so
7fdb3f5cb000-7fdb3f5cf000 rw-p 00000000 00:00 0 
7fdb3f5cf000-7fdb3f5f2000 r-xp 00000000 08:01 2995                       /lib/x86_64-linux-gnu/ld-2.19.so
7fdb3f5f6000-7fdb3f5fa000 r--s 019d3000 08:01 1058608                    /home/vagrant/workspace/spring-cloud-nike-running/running-location-updater/target/running-location-updater-1.0.0.BUILD-SNAPSHOT.jar
7fdb3f5fa000-7fdb3f6df000 rw-p 00000000 00:00 0 
7fdb3f6df000-7fdb3f6e2000 ---p 00000000 00:00 0 
7fdb3f6e2000-7fdb3f7e5000 rw-p 00000000 00:00 0                          [stack:12149]
7fdb3f7e6000-7fdb3f7e7000 rw-p 00000000 00:00 0 
7fdb3f7e7000-7fdb3f7ef000 rw-s 00000000 08:01 531988                     /tmp/hsperfdata_vagrant/12148
7fdb3f7ef000-7fdb3f7f0000 rw-p 00000000 00:00 0 
7fdb3f7f0000-7fdb3f7f1000 ---p 00000000 00:00 0 
7fdb3f7f1000-7fdb3f7f2000 r--p 00022000 08:01 2995                       /lib/x86_64-linux-gnu/ld-2.19.so
7fdb3f7f2000-7fdb3f7f3000 rw-p 00023000 08:01 2995                       /lib/x86_64-linux-gnu/ld-2.19.so
7fdb3f7f3000-7fdb3f7f4000 rw-p 00000000 00:00 0 
7ffefc34a000-7ffefc36b000 rw-p 00000000 00:00 0                          [stack]
7ffefc3d8000-7ffefc3da000 r-xp 00000000 00:00 0                          [vdso]
ffffffffff600000-ffffffffff601000 r-xp 00000000 00:00 0                  [vsyscall]

VM Arguments:
java_command: ./target/running-location-updater-1.0.0.BUILD-SNAPSHOT.jar
java_class_path (initial): ./target/running-location-updater-1.0.0.BUILD-SNAPSHOT.jar
Launcher Type: SUN_STANDARD

Environment Variables:
JAVA_HOME=/usr/lib/jvm/java-8-oracle
PATH=/usr/local/sbin:/usr/local/bin:/usr/sbin:/usr/bin:/sbin:/bin:/usr/games:/usr/local/games:/usr/lib/jvm/java-8-oracle/bin:/usr/lib/jvm/java-8-oracle/db/bin:/usr/lib/jvm/java-8-oracle/jre/bin
SHELL=/bin/zsh
DISPLAY=:0.0

Signal Handlers:
SIGSEGV: [libjvm.so+0xad2a40], sa_mask[0]=11111111011111111101111111111110, sa_flags=SA_RESTART|SA_SIGINFO
SIGBUS: [libjvm.so+0xad2a40], sa_mask[0]=11111111011111111101111111111110, sa_flags=SA_RESTART|SA_SIGINFO
SIGFPE: [libjvm.so+0x92a610], sa_mask[0]=11111111011111111101111111111110, sa_flags=SA_RESTART|SA_SIGINFO
SIGPIPE: [libjvm.so+0x92a610], sa_mask[0]=11111111011111111101111111111110, sa_flags=SA_RESTART|SA_SIGINFO
SIGXFSZ: [libjvm.so+0x92a610], sa_mask[0]=11111111011111111101111111111110, sa_flags=SA_RESTART|SA_SIGINFO
SIGILL: [libjvm.so+0x92a610], sa_mask[0]=11111111011111111101111111111110, sa_flags=SA_RESTART|SA_SIGINFO
SIGUSR1: SIG_DFL, sa_mask[0]=00000000000000000000000000000000, sa_flags=none
SIGUSR2: [libjvm.so+0x92be70], sa_mask[0]=00000000000000000000000000000000, sa_flags=SA_RESTART|SA_SIGINFO
SIGHUP: [libjvm.so+0x92d270], sa_mask[0]=11111111011111111101111111111110, sa_flags=SA_RESTART|SA_SIGINFO
SIGINT: [libjvm.so+0x92d270], sa_mask[0]=11111111011111111101111111111110, sa_flags=SA_RESTART|SA_SIGINFO
SIGTERM: [libjvm.so+0x92d270], sa_mask[0]=11111111011111111101111111111110, sa_flags=SA_RESTART|SA_SIGINFO
SIGQUIT: [libjvm.so+0x92d270], sa_mask[0]=11111111011111111101111111111110, sa_flags=SA_RESTART|SA_SIGINFO


---------------  S Y S T E M  ---------------

OS:DISTRIB_ID=Ubuntu
DISTRIB_RELEASE=14.04
DISTRIB_CODENAME=trusty
DISTRIB_DESCRIPTION="Ubuntu 14.04.5 LTS"

uname:Linux 3.13.0-144-generic #193-Ubuntu SMP Thu Mar 15 17:03:53 UTC 2018 x86_64
libc:glibc 2.19 NPTL 2.19 
rlimit: STACK 8192k, CORE 0k, NPROC 31453, NOFILE 4096, AS infinity
load average:1.71 0.76 0.56

/proc/meminfo:
MemTotal:        4048092 kB
MemFree:          118272 kB
Buffers:             424 kB
Cached:            86852 kB
SwapCached:            0 kB
Active:          3731924 kB
Inactive:          73300 kB
Active(anon):    3718560 kB
Inactive(anon):    61140 kB
Active(file):      13364 kB
Inactive(file):    12160 kB
Unevictable:           4 kB
Mlocked:               4 kB
SwapTotal:             0 kB
SwapFree:              0 kB
Dirty:               212 kB
Writeback:             0 kB
AnonPages:       3718220 kB
Mapped:            75904 kB
Shmem:             61516 kB
Slab:              41836 kB
SReclaimable:      19200 kB
SUnreclaim:        22636 kB
KernelStack:        4744 kB
PageTables:        32560 kB
NFS_Unstable:          0 kB
Bounce:                0 kB
WritebackTmp:          0 kB
CommitLimit:     2024044 kB
Committed_AS:    6599240 kB
VmallocTotal:   34359738367 kB
VmallocUsed:       14232 kB
VmallocChunk:   34359718908 kB
HardwareCorrupted:     0 kB
AnonHugePages:   1900544 kB
HugePages_Total:       0
HugePages_Free:        0
HugePages_Rsvd:        0
HugePages_Surp:        0
Hugepagesize:       2048 kB
DirectMap4k:       63424 kB
DirectMap2M:     4130816 kB


CPU:total 2 (initial active 2) (2 cores per cpu, 1 threads per core) family 6 model 70 stepping 1, cmov, cx8, fxsr, mmx, sse, sse2, sse3, ssse3, sse4.1, sse4.2, popcnt, avx, aes, clmul, lzcnt, tsc, tscinvbit

/proc/cpuinfo:
processor	: 0
vendor_id	: GenuineIntel
cpu family	: 6
model		: 70
model name	: Intel(R) Core(TM) i7-4870HQ CPU @ 2.50GHz
stepping	: 1
cpu MHz		: 2494.223
cache size	: 6144 KB
physical id	: 0
siblings	: 2
core id		: 0
cpu cores	: 2
apicid		: 0
initial apicid	: 0
fpu		: yes
fpu_exception	: yes
cpuid level	: 13
wp		: yes
flags		: fpu vme de pse tsc msr pae mce cx8 apic sep mtrr pge mca cmov pat pse36 clflush mmx fxsr sse sse2 ht syscall nx rdtscp lm constant_tsc rep_good nopl xtopology nonstop_tsc pni pclmulqdq ssse3 cx16 sse4_1 sse4_2 movbe popcnt aes xsave avx rdrand lahf_lm abm retpoline
bogomips	: 4988.44
clflush size	: 64
cache_alignment	: 64
address sizes	: 39 bits physical, 48 bits virtual
power management:

processor	: 1
vendor_id	: GenuineIntel
cpu family	: 6
model		: 70
model name	: Intel(R) Core(TM) i7-4870HQ CPU @ 2.50GHz
stepping	: 1
cpu MHz		: 2494.223
cache size	: 6144 KB
physical id	: 0
siblings	: 2
core id		: 1
cpu cores	: 2
apicid		: 1
initial apicid	: 1
fpu		: yes
fpu_exception	: yes
cpuid level	: 13
wp		: yes
flags		: fpu vme de pse tsc msr pae mce cx8 apic sep mtrr pge mca cmov pat pse36 clflush mmx fxsr sse sse2 ht syscall nx rdtscp lm constant_tsc rep_good nopl xtopology nonstop_tsc pni pclmulqdq ssse3 cx16 sse4_1 sse4_2 movbe popcnt aes xsave avx rdrand lahf_lm abm retpoline
bogomips	: 4988.44
clflush size	: 64
cache_alignment	: 64
address sizes	: 39 bits physical, 48 bits virtual
power management:



Memory: 4k page, physical 4048092k(119032k free), swap 0k(0k free)

vm_info: Java HotSpot(TM) 64-Bit Server VM (25.181-b13) for linux-amd64 JRE (1.8.0_181-b13), built on Jul  7 2018 00:56:38 by "java_re" with gcc 4.3.0 20080428 (Red Hat 4.3.0-8)

time: Mon Sep 10 03:11:35 2018
elapsed time: 8 seconds (0d 0h 0m 8s)

